{
  "0 debug pnpm:scope": {
    "selected": 1,
    "workspacePrefix": "/Volumes/Data/Github/zenctu"
  },
  "1 error pnpm": {
    "code": "ELIFECYCLE",
    "errno": "ENOENT",
    "syscall": "spawn",
    "file": "sh",
    "pkgid": "ctu-course-guide@2.0.0-beta.84",
    "stage": "docs:webpack-build",
    "script": "vuepress-webpack build src",
    "pkgname": "ctu-course-guide",
    "err": {
      "name": "pnpm",
      "message": "ctu-course-guide@2.0.0-beta.84 docs:webpack-build: `vuepress-webpack build src`\nspawn ENOENT",
      "code": "ELIFECYCLE",
      "stack": "pnpm: ctu-course-guide@2.0.0-beta.84 docs:webpack-build: `vuepress-webpack build src`\nspawn ENOENT\n    at ChildProcess.<anonymous> (/usr/local/Cellar/pnpm/7.4.1/libexec/lib/node_modules/pnpm/dist/pnpm.cjs:95159:22)\n    at ChildProcess.emit (node:events:527:28)\n    at maybeClose (node:internal/child_process:1092:16)\n    at Process.ChildProcess._handle.onexit (node:internal/child_process:302:5)"
    }
  },
  "2 warn pnpm:global": " Local package.json exists, but node_modules missing, did you mean to install?"
}